2022-09-14 19:02:21,409 ERROR: Exception on / [GET] [in C:\Users\pchan\OneDrive\Desktop\nshi\Python\Flask\microblog\venv\lib\site-packages\flask\app.py:1741]
Traceback (most recent call last):
  File "C:\Users\pchan\OneDrive\Desktop\nshi\Python\Flask\microblog\venv\lib\site-packages\flask\app.py", line 2525, in wsgi_app
    response = self.full_dispatch_request()
  File "C:\Users\pchan\OneDrive\Desktop\nshi\Python\Flask\microblog\venv\lib\site-packages\flask\app.py", line 1822, in full_dispatch_request
    rv = self.handle_user_exception(e)
  File "C:\Users\pchan\OneDrive\Desktop\nshi\Python\Flask\microblog\venv\lib\site-packages\flask\app.py", line 1820, in full_dispatch_request
    rv = self.dispatch_request()
  File "C:\Users\pchan\OneDrive\Desktop\nshi\Python\Flask\microblog\venv\lib\site-packages\flask\app.py", line 1796, in dispatch_request
    return self.ensure_sync(self.view_functions[rule.endpoint])(**view_args)
  File "C:\Users\pchan\OneDrive\Desktop\nshi\Python\Flask\microblog\venv\lib\site-packages\flask_login\utils.py", line 290, in decorated_view
    return current_app.ensure_sync(func)(*args, **kwargs)
  File "C:\Users\pchan\OneDrive\Desktop\nshi\Python\Flask\microblog\app\routes.py", line 39, in index
    return render_template("index.html", title="Home", posts=posts, form=form)
  File "C:\Users\pchan\OneDrive\Desktop\nshi\Python\Flask\microblog\venv\lib\site-packages\flask\templating.py", line 146, in render_template
    template = app.jinja_env.get_or_select_template(template_name_or_list)
  File "C:\Users\pchan\OneDrive\Desktop\nshi\Python\Flask\microblog\venv\lib\site-packages\jinja2\environment.py", line 1081, in get_or_select_template
    return self.get_template(template_name_or_list, parent, globals)
  File "C:\Users\pchan\OneDrive\Desktop\nshi\Python\Flask\microblog\venv\lib\site-packages\jinja2\environment.py", line 1010, in get_template
    return self._load_template(name, globals)
  File "C:\Users\pchan\OneDrive\Desktop\nshi\Python\Flask\microblog\venv\lib\site-packages\jinja2\environment.py", line 969, in _load_template
    template = self.loader.load(self, name, self.make_globals(globals))
  File "C:\Users\pchan\OneDrive\Desktop\nshi\Python\Flask\microblog\venv\lib\site-packages\jinja2\loaders.py", line 138, in load
    code = environment.compile(source, name, filename)
  File "C:\Users\pchan\OneDrive\Desktop\nshi\Python\Flask\microblog\venv\lib\site-packages\jinja2\environment.py", line 768, in compile
    self.handle_exception(source=source_hint)
  File "C:\Users\pchan\OneDrive\Desktop\nshi\Python\Flask\microblog\venv\lib\site-packages\jinja2\environment.py", line 936, in handle_exception
    raise rewrite_traceback_stack(source=source)
  File "C:\Users\pchan\OneDrive\Desktop\nshi\Python\Flask\microblog\app\templates\index.html", line 20, in template
    {% endblock %}
jinja2.exceptions.TemplateSyntaxError: Encountered unknown tag 'endblock'. You probably made a nesting mistake. Jinja is expecting this tag, but currently looking for 'elif' or 'else' or 'endif'. The innermost block that needs to be closed is 'if'.
2022-09-14 19:03:57,519 INFO: Microblog startup [in C:\Users\pchan\OneDrive\Desktop\nshi\Python\Flask\microblog\app\__init__.py:43]
2022-09-14 19:11:18,707 INFO: Microblog startup [in C:\Users\pchan\OneDrive\Desktop\nshi\Python\Flask\microblog\app\__init__.py:43]
2022-09-16 13:19:19,960 INFO: Microblog startup [in C:\Users\pchan\OneDrive\Desktop\nshi\Python\Flask\microblog\app\__init__.py:43]
2022-09-16 13:42:24,688 INFO: Microblog startup [in C:\Users\pchan\OneDrive\Desktop\nshi\Python\Flask\microblog\app\__init__.py:43]
2022-09-16 13:45:40,573 INFO: Microblog startup [in C:\Users\pchan\OneDrive\Desktop\nshi\Python\Flask\microblog\app\__init__.py:43]
2022-09-16 13:46:07,793 INFO: Microblog startup [in C:\Users\pchan\OneDrive\Desktop\nshi\Python\Flask\microblog\app\__init__.py:43]
2022-09-16 14:01:21,048 INFO: Microblog startup [in C:\Users\pchan\OneDrive\Desktop\nshi\Python\Flask\microblog\app\__init__.py:45]
2022-09-16 14:48:39,697 INFO: Microblog startup [in C:\Users\pchan\OneDrive\Desktop\nshi\Python\Flask\microblog\app\__init__.py:45]
2022-09-16 15:12:14,961 INFO: Microblog startup [in C:\Users\pchan\OneDrive\Desktop\nshi\Python\Flask\microblog\app\__init__.py:45]
2022-09-16 17:33:49,191 INFO: Microblog startup [in C:\Users\pchan\OneDrive\Desktop\nshi\Python\Flask\microblog\app\__init__.py:45]
